<?xml version="1.0" encoding="UTF-8"?>
<!-- Generated by org.testng.reporters.JUnitXMLReporter -->
<testsuite hostname="CPU1181" name="Simple search for Florida state ETE Test with User login - Firefox" tests="6" failures="0" timestamp="16 Nov 2015 05:21:04 GMT" time="96.367" errors="0">
  <testcase name="endToEndFlorida_firefox" time="26.585" classname="Testcases.SportsTestcases">
    <skipped/>
  </testcase> <!-- endToEndFlorida_firefox -->
  <testcase name="endToEndFlorida_firefox" time="9.853" classname="Testcases.SportsTestcases">
    <skipped/>
  </testcase> <!-- endToEndFlorida_firefox -->
  <testcase name="endToEndFlorida_firefox" time="12.588" classname="Testcases.SportsTestcases">
    <skipped/>
  </testcase> <!-- endToEndFlorida_firefox -->
  <testcase name="endToEndFlorida_firefox" time="5.693" classname="Testcases.SportsTestcases">
    <skipped/>
  </testcase> <!-- endToEndFlorida_firefox -->
  <testcase name="endToEndFlorida_firefox" time="9.28" classname="Testcases.SportsTestcases">
    <skipped/>
  </testcase> <!-- endToEndFlorida_firefox -->
  <testcase name="endToEndFlorida_firefox" time="32.268" classname="Testcases.SportsTestcases"/>
</testsuite> <!-- Simple search for Florida state ETE Test with User login - Firefox -->
